2012/09/03 02:12:06 [error] [exception.CDbException] exception 'CDbException' with message 'CDbConnection.connectionString cannot be empty.' in /var/www/framework/db/CDbConnection.php:370
Stack trace:
#0 /var/www/framework/db/CDbConnection.php(331): CDbConnection->open()
#1 /var/www/framework/db/CDbConnection.php(309): CDbConnection->setActive(true)
#2 /var/www/framework/base/CModule.php(388): CDbConnection->init()
#3 /var/www/framework/base/CModule.php(104): CModule->getComponent('db')
#4 /var/www/framework/gii/generators/crud/CrudCode.php(44): CModule->__get('db')
#5 /var/www/framework/web/CFormModel.php(40): CrudCode->init()
#6 /var/www/framework/gii/CCodeGenerator.php(154): CFormModel->__construct()
#7 /var/www/framework/gii/CCodeGenerator.php(64): CCodeGenerator->prepare()
#8 /var/www/framework/web/actions/CInlineAction.php(50): CCodeGenerator->actionIndex()
#9 /var/www/framework/web/CController.php(309): CInlineAction->runWithParams(Array)
#10 /var/www/framework/web/CController.php(287): CController->runAction(Object(CInlineAction))
#11 /var/www/framework/web/CController.php(266): CController->runActionWithFilters(Object(CInlineAction), Array)
#12 /var/www/framework/web/CWebApplication.php(283): CController->run('')
#13 /var/www/framework/web/CWebApplication.php(142): CWebApplication->runController('gii/crud')
#14 /var/www/framework/base/CApplication.php(162): CWebApplication->processRequest()
#15 /var/www/laserspb.ru/index.php(13): CApplication->run()
#16 {main}
REQUEST_URI=/index.php?r=gii/crud
HTTP_REFERER=http://laserspb.posokh.in/index.php?r=gii/default/index
---
2012/09/03 02:17:19 [error] [exception.CDbException] exception 'CDbException' with message 'CDbConnection failed to open the DB connection: SQLSTATE[28000] [1045] Access denied for user 'laserspb'@'localhost' (using password: YES)' in /var/www/framework/db/CDbConnection.php:382
Stack trace:
#0 /var/www/framework/db/CDbConnection.php(331): CDbConnection->open()
#1 /var/www/framework/db/CDbConnection.php(309): CDbConnection->setActive(true)
#2 /var/www/framework/base/CModule.php(388): CDbConnection->init()
#3 /var/www/framework/base/CModule.php(104): CModule->getComponent('db')
#4 /var/www/framework/gii/generators/crud/CrudCode.php(44): CModule->__get('db')
#5 /var/www/framework/web/CFormModel.php(40): CrudCode->init()
#6 /var/www/framework/gii/CCodeGenerator.php(154): CFormModel->__construct()
#7 /var/www/framework/gii/CCodeGenerator.php(64): CCodeGenerator->prepare()
#8 /var/www/framework/web/actions/CInlineAction.php(50): CCodeGenerator->actionIndex()
#9 /var/www/framework/web/CController.php(309): CInlineAction->runWithParams(Array)
#10 /var/www/framework/web/CController.php(287): CController->runAction(Object(CInlineAction))
#11 /var/www/framework/web/CController.php(266): CController->runActionWithFilters(Object(CInlineAction), Array)
#12 /var/www/framework/web/CWebApplication.php(283): CController->run('')
#13 /var/www/framework/web/CWebApplication.php(142): CWebApplication->runController('gii/crud')
#14 /var/www/framework/base/CApplication.php(162): CWebApplication->processRequest()
#15 /var/www/laserspb.ru/index.php(13): CApplication->run()
#16 {main}
REQUEST_URI=/index.php?r=gii/crud
HTTP_REFERER=http://laserspb.posokh.in/index.php?r=gii/default/index
---
2012/09/03 02:18:08 [error] [exception.CDbException] exception 'CDbException' with message 'CDbConnection failed to open the DB connection: SQLSTATE[28000] [1045] Access denied for user 'laserspb'@'localhost' (using password: YES)' in /var/www/framework/db/CDbConnection.php:382
Stack trace:
#0 /var/www/framework/db/CDbConnection.php(331): CDbConnection->open()
#1 /var/www/framework/db/CDbConnection.php(309): CDbConnection->setActive(true)
#2 /var/www/framework/base/CModule.php(388): CDbConnection->init()
#3 /var/www/framework/base/CModule.php(104): CModule->getComponent('db')
#4 /var/www/framework/gii/generators/crud/CrudCode.php(44): CModule->__get('db')
#5 /var/www/framework/web/CFormModel.php(40): CrudCode->init()
#6 /var/www/framework/gii/CCodeGenerator.php(154): CFormModel->__construct()
#7 /var/www/framework/gii/CCodeGenerator.php(64): CCodeGenerator->prepare()
#8 /var/www/framework/web/actions/CInlineAction.php(50): CCodeGenerator->actionIndex()
#9 /var/www/framework/web/CController.php(309): CInlineAction->runWithParams(Array)
#10 /var/www/framework/web/CController.php(287): CController->runAction(Object(CInlineAction))
#11 /var/www/framework/web/CController.php(266): CController->runActionWithFilters(Object(CInlineAction), Array)
#12 /var/www/framework/web/CWebApplication.php(283): CController->run('')
#13 /var/www/framework/web/CWebApplication.php(142): CWebApplication->runController('gii/crud')
#14 /var/www/framework/base/CApplication.php(162): CWebApplication->processRequest()
#15 /var/www/laserspb.ru/index.php(13): CApplication->run()
#16 {main}
REQUEST_URI=/index.php?r=gii/crud
---
2012/09/03 02:18:12 [error] [exception.CDbException] exception 'CDbException' with message 'CDbConnection failed to open the DB connection: SQLSTATE[28000] [1045] Access denied for user 'laserspb'@'localhost' (using password: YES)' in /var/www/framework/db/CDbConnection.php:382
Stack trace:
#0 /var/www/framework/db/CDbConnection.php(331): CDbConnection->open()
#1 /var/www/framework/db/CDbConnection.php(309): CDbConnection->setActive(true)
#2 /var/www/framework/base/CModule.php(388): CDbConnection->init()
#3 /var/www/framework/base/CModule.php(104): CModule->getComponent('db')
#4 /var/www/framework/gii/generators/crud/CrudCode.php(44): CModule->__get('db')
#5 /var/www/framework/web/CFormModel.php(40): CrudCode->init()
#6 /var/www/framework/gii/CCodeGenerator.php(154): CFormModel->__construct()
#7 /var/www/framework/gii/CCodeGenerator.php(64): CCodeGenerator->prepare()
#8 /var/www/framework/web/actions/CInlineAction.php(50): CCodeGenerator->actionIndex()
#9 /var/www/framework/web/CController.php(309): CInlineAction->runWithParams(Array)
#10 /var/www/framework/web/CController.php(287): CController->runAction(Object(CInlineAction))
#11 /var/www/framework/web/CController.php(266): CController->runActionWithFilters(Object(CInlineAction), Array)
#12 /var/www/framework/web/CWebApplication.php(283): CController->run('')
#13 /var/www/framework/web/CWebApplication.php(142): CWebApplication->runController('gii/crud')
#14 /var/www/framework/base/CApplication.php(162): CWebApplication->processRequest()
#15 /var/www/laserspb.ru/index.php(13): CApplication->run()
#16 {main}
REQUEST_URI=/index.php?r=gii/crud
---
2012/09/03 02:19:21 [error] [exception.CDbException] exception 'CDbException' with message 'CDbConnection failed to open the DB connection: SQLSTATE[28000] [1045] Access denied for user 'laserspb'@'localhost' (using password: YES)' in /var/www/framework/db/CDbConnection.php:382
Stack trace:
#0 /var/www/framework/db/CDbConnection.php(331): CDbConnection->open()
#1 /var/www/framework/db/CDbConnection.php(309): CDbConnection->setActive(true)
#2 /var/www/framework/base/CModule.php(388): CDbConnection->init()
#3 /var/www/framework/base/CModule.php(104): CModule->getComponent('db')
#4 /var/www/framework/gii/generators/model/ModelCode.php(57): CModule->__get('db')
#5 /var/www/framework/web/CFormModel.php(40): ModelCode->init()
#6 /var/www/framework/gii/CCodeGenerator.php(154): CFormModel->__construct()
#7 /var/www/framework/gii/CCodeGenerator.php(64): CCodeGenerator->prepare()
#8 /var/www/framework/web/actions/CInlineAction.php(50): CCodeGenerator->actionIndex()
#9 /var/www/framework/web/CController.php(309): CInlineAction->runWithParams(Array)
#10 /var/www/framework/web/CController.php(287): CController->runAction(Object(CInlineAction))
#11 /var/www/framework/web/CController.php(266): CController->runActionWithFilters(Object(CInlineAction), Array)
#12 /var/www/framework/web/CWebApplication.php(283): CController->run('')
#13 /var/www/framework/web/CWebApplication.php(142): CWebApplication->runController('gii/model')
#14 /var/www/framework/base/CApplication.php(162): CWebApplication->processRequest()
#15 /var/www/laserspb.ru/index.php(13): CApplication->run()
#16 {main}
REQUEST_URI=/index.php?r=gii/model
HTTP_REFERER=http://laserspb.posokh.in/index.php?r=gii
---
2012/09/03 02:20:18 [error] [exception.CDbException] exception 'CDbException' with message 'CDbConnection failed to open the DB connection: SQLSTATE[28000] [1045] Access denied for user 'laserspb'@'localhost' (using password: YES)' in /var/www/framework/db/CDbConnection.php:382
Stack trace:
#0 /var/www/framework/db/CDbConnection.php(331): CDbConnection->open()
#1 /var/www/framework/db/CDbConnection.php(309): CDbConnection->setActive(true)
#2 /var/www/framework/base/CModule.php(388): CDbConnection->init()
#3 /var/www/framework/base/CModule.php(104): CModule->getComponent('db')
#4 /var/www/framework/gii/generators/crud/CrudCode.php(44): CModule->__get('db')
#5 /var/www/framework/web/CFormModel.php(40): CrudCode->init()
#6 /var/www/framework/gii/CCodeGenerator.php(154): CFormModel->__construct()
#7 /var/www/framework/gii/CCodeGenerator.php(64): CCodeGenerator->prepare()
#8 /var/www/framework/web/actions/CInlineAction.php(50): CCodeGenerator->actionIndex()
#9 /var/www/framework/web/CController.php(309): CInlineAction->runWithParams(Array)
#10 /var/www/framework/web/CController.php(287): CController->runAction(Object(CInlineAction))
#11 /var/www/framework/web/CController.php(266): CController->runActionWithFilters(Object(CInlineAction), Array)
#12 /var/www/framework/web/CWebApplication.php(283): CController->run('')
#13 /var/www/framework/web/CWebApplication.php(142): CWebApplication->runController('gii/crud')
#14 /var/www/framework/base/CApplication.php(162): CWebApplication->processRequest()
#15 /var/www/laserspb.ru/index.php(13): CApplication->run()
#16 {main}
REQUEST_URI=/index.php?r=gii/crud
HTTP_REFERER=http://laserspb.posokh.in/index.php?r=gii
---
2012/09/03 02:36:15 [error] [exception.CDbException] exception 'CDbException' with message 'CDbConnection failed to open the DB connection: SQLSTATE[28000] [1045] Access denied for user 'laserspb'@'localhost' (using password: YES)' in /var/www/framework/db/CDbConnection.php:382
Stack trace:
#0 /var/www/framework/db/CDbConnection.php(331): CDbConnection->open()
#1 /var/www/framework/db/CDbConnection.php(309): CDbConnection->setActive(true)
#2 /var/www/framework/base/CModule.php(388): CDbConnection->init()
#3 /var/www/framework/base/CModule.php(104): CModule->getComponent('db')
#4 /var/www/framework/gii/generators/crud/CrudCode.php(44): CModule->__get('db')
#5 /var/www/framework/web/CFormModel.php(40): CrudCode->init()
#6 /var/www/framework/gii/CCodeGenerator.php(154): CFormModel->__construct()
#7 /var/www/framework/gii/CCodeGenerator.php(64): CCodeGenerator->prepare()
#8 /var/www/framework/web/actions/CInlineAction.php(50): CCodeGenerator->actionIndex()
#9 /var/www/framework/web/CController.php(309): CInlineAction->runWithParams(Array)
#10 /var/www/framework/web/CController.php(287): CController->runAction(Object(CInlineAction))
#11 /var/www/framework/web/CController.php(266): CController->runActionWithFilters(Object(CInlineAction), Array)
#12 /var/www/framework/web/CWebApplication.php(283): CController->run('')
#13 /var/www/framework/web/CWebApplication.php(142): CWebApplication->runController('gii/crud')
#14 /var/www/framework/base/CApplication.php(162): CWebApplication->processRequest()
#15 /var/www/laserspb.ru/index.php(13): CApplication->run()
#16 {main}
REQUEST_URI=/index.php?r=gii/crud
---
2012/09/03 03:11:25 [warning] [application] Failed to set unsafe attribute "role" of "Users".
in /var/www/laserspb.ru/protected/controllers/UsersController.php (73)
in /var/www/laserspb.ru/index.php (13)
2012/09/03 03:15:13 [warning] [application] Failed to set unsafe attribute "role" of "Users".
in /var/www/laserspb.ru/protected/controllers/UsersController.php (73)
in /var/www/laserspb.ru/index.php (13)
